<?xml version="1.0" encoding="UTF-8"?>
<testsuite name="org.jsoup.parser.HtmlTreeBuilderStateTest" tests="1" skipped="0" failures="0" errors="0" timestamp="2023-09-14T23:08:03" hostname="WALLEE" time="0.003">
  <properties/>
  <testcase name="ensureArraysAreSorted" classname="org.jsoup.parser.HtmlTreeBuilderStateTest" time="0.003"/>
  <system-out><![CDATA[]]></system-out>
  <system-err><![CDATA[]]></system-err>
</testsuite>
