<?xml version="1.0" encoding="UTF-8" ?>
<testsuite tests="270" failures="0" name="org.jsoup.mytests.AutomatedTest" time="0.174" errors="0" skipped="0">
  <properties>
    <property name="java.runtime.name" value="OpenJDK Runtime Environment"/>
    <property name="java.vm.version" value="13+33"/>
    <property name="sun.boot.library.path" value="C:\Program Files\Java\jdk-13\bin"/>
    <property name="maven.multiModuleProjectDirectory" value="C:\Users\logan\OneDrive\Desktop\CS 427\HW3\jsoup"/>
    <property name="java.vm.vendor" value="Oracle Corporation"/>
    <property name="java.vendor.url" value="https://java.oracle.com/"/>
    <property name="guice.disable.misplaced.annotation.check" value="true"/>
    <property name="path.separator" value=";"/>
    <property name="java.vm.name" value="OpenJDK 64-Bit Server VM"/>
    <property name="sun.os.patch.level" value=""/>
    <property name="user.script" value=""/>
    <property name="user.country" value="US"/>
    <property name="sun.java.launcher" value="SUN_STANDARD"/>
    <property name="java.vm.specification.name" value="Java Virtual Machine Specification"/>
    <property name="user.dir" value="C:\Users\logan\OneDrive\Desktop\CS 427\HW3\jsoup"/>
    <property name="java.vm.compressedOopsMode" value="Zero based"/>
    <property name="java.runtime.version" value="13+33"/>
    <property name="os.arch" value="amd64"/>
    <property name="java.io.tmpdir" value="C:\Users\logan\AppData\Local\Temp\"/>
    <property name="line.separator" value="
"/>
    <property name="java.vm.specification.vendor" value="Oracle Corporation"/>
    <property name="user.variant" value=""/>
    <property name="os.name" value="Windows 10"/>
    <property name="classworlds.conf" value="C:\Program Files\apache-maven-3.8.8\bin\m2.conf"/>
    <property name="sun.jnu.encoding" value="Cp1252"/>
    <property name="java.library.path" value="C:\Program Files\Java\jdk-13\bin;C:\WINDOWS\Sun\Java\bin;C:\WINDOWS\system32;C:\WINDOWS;C:\Users\logan\AppData\Roaming\npm;C:\WINDOWS\system32;C:\WINDOWS;C:\WINDOWS\System32\Wbem;C:\WINDOWS\System32\WindowsPowerShell\v1.0\;C:\WINDOWS\System32\OpenSSH\;C:\Program Files\Git\cmd;C:\Program Files\Java\jdk-13\bin\java.exe;C:\Program Files\apache-maven-3.8.8\bin;C:\Program Files\Java\jdk-13\bin;C:\Program Files\nodejs\node.exe;C:\Program Files\gradle-7.6.2\bin;C:\Program Files (x86)\GnuWin32\bin;C:\Program Files\nodejs\;C:\Program Files\Git\bin;C:\Program Files\Git\usr\bin;C:\Users\logan\AppData\Local\Microsoft\WindowsApps;C:\Users\logan\AppData\Local\Programs\Microsoft VS Code\bin;C:\Users\logan\AppData\Roaming\npm;;."/>
    <property name="maven.conf" value="C:\Program Files\apache-maven-3.8.8/conf"/>
    <property name="jdk.debug" value="release"/>
    <property name="java.class.version" value="57.0"/>
    <property name="java.specification.name" value="Java Platform API Specification"/>
    <property name="sun.management.compiler" value="HotSpot 64-Bit Tiered Compilers"/>
    <property name="os.version" value="10.0"/>
    <property name="library.jansi.path" value="C:\Program Files\apache-maven-3.8.8\lib\jansi-native"/>
    <property name="user.home" value="C:\Users\logan"/>
    <property name="user.timezone" value="America/Los_Angeles"/>
    <property name="file.encoding" value="Cp1252"/>
    <property name="java.specification.version" value="13"/>
    <property name="user.name" value="logan"/>
    <property name="java.class.path" value="C:\Program Files\apache-maven-3.8.8\boot\plexus-classworlds-2.6.0.jar"/>
    <property name="java.vm.specification.version" value="13"/>
    <property name="sun.arch.data.model" value="64"/>
    <property name="sun.java.command" value="org.codehaus.plexus.classworlds.launcher.Launcher clean clover:setup test clover:aggregate clover:clover"/>
    <property name="java.home" value="C:\Program Files\Java\jdk-13"/>
    <property name="user.language" value="en"/>
    <property name="java.specification.vendor" value="Oracle Corporation"/>
    <property name="java.vm.info" value="mixed mode, sharing"/>
    <property name="java.version" value="13"/>
    <property name="java.vendor" value="Oracle Corporation"/>
    <property name="sun.stderr.encoding" value="cp437"/>
    <property name="maven.home" value="C:\Program Files\apache-maven-3.8.8"/>
    <property name="file.separator" value="\"/>
    <property name="java.version.date" value="2019-09-17"/>
    <property name="java.vendor.url.bug" value="https://bugreport.java.com/bugreport/"/>
    <property name="sun.io.unicode.encoding" value="UnicodeLittle"/>
    <property name="sun.cpu.endian" value="little"/>
    <property name="sun.stdout.encoding" value="cp437"/>
    <property name="sun.cpu.isalist" value="amd64"/>
  </properties>
  <testcase classname="org.jsoup.mytests.AutomatedTest" name="test001" time="0.002"/>
  <testcase classname="org.jsoup.mytests.AutomatedTest" name="test002" time="0"/>
  <testcase classname="org.jsoup.mytests.AutomatedTest" name="test003" time="0.001"/>
  <testcase classname="org.jsoup.mytests.AutomatedTest" name="test004" time="0.001"/>
  <testcase classname="org.jsoup.mytests.AutomatedTest" name="test005" time="0.001"/>
  <testcase classname="org.jsoup.mytests.AutomatedTest" name="test006" time="0.001"/>
  <testcase classname="org.jsoup.mytests.AutomatedTest" name="test007" time="0.002"/>
  <testcase classname="org.jsoup.mytests.AutomatedTest" name="test008" time="0.001"/>
  <testcase classname="org.jsoup.mytests.AutomatedTest" name="test009" time="0.001"/>
  <testcase classname="org.jsoup.mytests.AutomatedTest" name="test010" time="0"/>
  <testcase classname="org.jsoup.mytests.AutomatedTest" name="test011" time="0.001"/>
  <testcase classname="org.jsoup.mytests.AutomatedTest" name="test012" time="0.001"/>
  <testcase classname="org.jsoup.mytests.AutomatedTest" name="test013" time="0"/>
  <testcase classname="org.jsoup.mytests.AutomatedTest" name="test014" time="0.001"/>
  <testcase classname="org.jsoup.mytests.AutomatedTest" name="test015" time="0.001"/>
  <testcase classname="org.jsoup.mytests.AutomatedTest" name="test016" time="0"/>
  <testcase classname="org.jsoup.mytests.AutomatedTest" name="test017" time="0.001"/>
  <testcase classname="org.jsoup.mytests.AutomatedTest" name="test018" time="0"/>
  <testcase classname="org.jsoup.mytests.AutomatedTest" name="test019" time="0.001"/>
  <testcase classname="org.jsoup.mytests.AutomatedTest" name="test020" time="0.001"/>
  <testcase classname="org.jsoup.mytests.AutomatedTest" name="test021" time="0"/>
  <testcase classname="org.jsoup.mytests.AutomatedTest" name="test022" time="0.001"/>
  <testcase classname="org.jsoup.mytests.AutomatedTest" name="test023" time="0.001"/>
  <testcase classname="org.jsoup.mytests.AutomatedTest" name="test024" time="0"/>
  <testcase classname="org.jsoup.mytests.AutomatedTest" name="test025" time="0.001"/>
  <testcase classname="org.jsoup.mytests.AutomatedTest" name="test026" time="0.001"/>
  <testcase classname="org.jsoup.mytests.AutomatedTest" name="test027" time="0.001"/>
  <testcase classname="org.jsoup.mytests.AutomatedTest" name="test028" time="0"/>
  <testcase classname="org.jsoup.mytests.AutomatedTest" name="test029" time="0.001"/>
  <testcase classname="org.jsoup.mytests.AutomatedTest" name="test030" time="0"/>
  <testcase classname="org.jsoup.mytests.AutomatedTest" name="test031" time="0"/>
  <testcase classname="org.jsoup.mytests.AutomatedTest" name="test032" time="0.001"/>
  <testcase classname="org.jsoup.mytests.AutomatedTest" name="test033" time="0.001"/>
  <testcase classname="org.jsoup.mytests.AutomatedTest" name="test034" time="0"/>
  <testcase classname="org.jsoup.mytests.AutomatedTest" name="test035" time="0"/>
  <testcase classname="org.jsoup.mytests.AutomatedTest" name="test036" time="0"/>
  <testcase classname="org.jsoup.mytests.AutomatedTest" name="test037" time="0.001"/>
  <testcase classname="org.jsoup.mytests.AutomatedTest" name="test038" time="0.001"/>
  <testcase classname="org.jsoup.mytests.AutomatedTest" name="test039" time="0.001"/>
  <testcase classname="org.jsoup.mytests.AutomatedTest" name="test040" time="0"/>
  <testcase classname="org.jsoup.mytests.AutomatedTest" name="test041" time="0.001"/>
  <testcase classname="org.jsoup.mytests.AutomatedTest" name="test042" time="0"/>
  <testcase classname="org.jsoup.mytests.AutomatedTest" name="test043" time="0.001"/>
  <testcase classname="org.jsoup.mytests.AutomatedTest" name="test044" time="0.001"/>
  <testcase classname="org.jsoup.mytests.AutomatedTest" name="test045" time="0"/>
  <testcase classname="org.jsoup.mytests.AutomatedTest" name="test046" time="0.002"/>
  <testcase classname="org.jsoup.mytests.AutomatedTest" name="test047" time="0.001"/>
  <testcase classname="org.jsoup.mytests.AutomatedTest" name="test048" time="0.001"/>
  <testcase classname="org.jsoup.mytests.AutomatedTest" name="test049" time="0.001"/>
  <testcase classname="org.jsoup.mytests.AutomatedTest" name="test050" time="0"/>
  <testcase classname="org.jsoup.mytests.AutomatedTest" name="test051" time="0.002"/>
  <testcase classname="org.jsoup.mytests.AutomatedTest" name="test052" time="0.001"/>
  <testcase classname="org.jsoup.mytests.AutomatedTest" name="test053" time="0.001"/>
  <testcase classname="org.jsoup.mytests.AutomatedTest" name="test054" time="0.001"/>
  <testcase classname="org.jsoup.mytests.AutomatedTest" name="test055" time="0"/>
  <testcase classname="org.jsoup.mytests.AutomatedTest" name="test056" time="0.001"/>
  <testcase classname="org.jsoup.mytests.AutomatedTest" name="test057" time="0.001"/>
  <testcase classname="org.jsoup.mytests.AutomatedTest" name="test058" time="0.001"/>
  <testcase classname="org.jsoup.mytests.AutomatedTest" name="test059" time="0"/>
  <testcase classname="org.jsoup.mytests.AutomatedTest" name="test060" time="0.002"/>
  <testcase classname="org.jsoup.mytests.AutomatedTest" name="test061" time="0.002"/>
  <testcase classname="org.jsoup.mytests.AutomatedTest" name="test062" time="0.001"/>
  <testcase classname="org.jsoup.mytests.AutomatedTest" name="test063" time="0.002"/>
  <testcase classname="org.jsoup.mytests.AutomatedTest" name="test064" time="0.001"/>
  <testcase classname="org.jsoup.mytests.AutomatedTest" name="test065" time="0"/>
  <testcase classname="org.jsoup.mytests.AutomatedTest" name="test066" time="0.001"/>
  <testcase classname="org.jsoup.mytests.AutomatedTest" name="test067" time="0.001"/>
  <testcase classname="org.jsoup.mytests.AutomatedTest" name="test068" time="0"/>
  <testcase classname="org.jsoup.mytests.AutomatedTest" name="test069" time="0.001"/>
  <testcase classname="org.jsoup.mytests.AutomatedTest" name="test070" time="0"/>
  <testcase classname="org.jsoup.mytests.AutomatedTest" name="test071" time="0.001"/>
  <testcase classname="org.jsoup.mytests.AutomatedTest" name="test072" time="0.001"/>
  <testcase classname="org.jsoup.mytests.AutomatedTest" name="test073" time="0"/>
  <testcase classname="org.jsoup.mytests.AutomatedTest" name="test074" time="0.001"/>
  <testcase classname="org.jsoup.mytests.AutomatedTest" name="test075" time="0"/>
  <testcase classname="org.jsoup.mytests.AutomatedTest" name="test076" time="0.001"/>
  <testcase classname="org.jsoup.mytests.AutomatedTest" name="test077" time="0.001"/>
  <testcase classname="org.jsoup.mytests.AutomatedTest" name="test078" time="0"/>
  <testcase classname="org.jsoup.mytests.AutomatedTest" name="test079" time="0.001"/>
  <testcase classname="org.jsoup.mytests.AutomatedTest" name="test080" time="0"/>
  <testcase classname="org.jsoup.mytests.AutomatedTest" name="test081" time="0.001"/>
  <testcase classname="org.jsoup.mytests.AutomatedTest" name="test082" time="0"/>
  <testcase classname="org.jsoup.mytests.AutomatedTest" name="test083" time="0.002"/>
  <testcase classname="org.jsoup.mytests.AutomatedTest" name="test084" time="0"/>
  <testcase classname="org.jsoup.mytests.AutomatedTest" name="test085" time="0.001"/>
  <testcase classname="org.jsoup.mytests.AutomatedTest" name="test086" time="0.001"/>
  <testcase classname="org.jsoup.mytests.AutomatedTest" name="test087" time="0.001"/>
  <testcase classname="org.jsoup.mytests.AutomatedTest" name="test088" time="0.001"/>
  <testcase classname="org.jsoup.mytests.AutomatedTest" name="test089" time="0.001"/>
  <testcase classname="org.jsoup.mytests.AutomatedTest" name="test090" time="0.001"/>
  <testcase classname="org.jsoup.mytests.AutomatedTest" name="test091" time="0"/>
  <testcase classname="org.jsoup.mytests.AutomatedTest" name="test092" time="0.001"/>
  <testcase classname="org.jsoup.mytests.AutomatedTest" name="test093" time="0"/>
  <testcase classname="org.jsoup.mytests.AutomatedTest" name="test094" time="0.001"/>
  <testcase classname="org.jsoup.mytests.AutomatedTest" name="test095" time="0"/>
  <testcase classname="org.jsoup.mytests.AutomatedTest" name="test096" time="0"/>
  <testcase classname="org.jsoup.mytests.AutomatedTest" name="test097" time="0.001"/>
  <testcase classname="org.jsoup.mytests.AutomatedTest" name="test098" time="0"/>
  <testcase classname="org.jsoup.mytests.AutomatedTest" name="test099" time="0"/>
  <testcase classname="org.jsoup.mytests.AutomatedTest" name="test100" time="0.001"/>
  <testcase classname="org.jsoup.mytests.AutomatedTest" name="test101" time="0"/>
  <testcase classname="org.jsoup.mytests.AutomatedTest" name="test102" time="0.001"/>
  <testcase classname="org.jsoup.mytests.AutomatedTest" name="test103" time="0"/>
  <testcase classname="org.jsoup.mytests.AutomatedTest" name="test104" time="0.001"/>
  <testcase classname="org.jsoup.mytests.AutomatedTest" name="test105" time="0"/>
  <testcase classname="org.jsoup.mytests.AutomatedTest" name="test106" time="0"/>
  <testcase classname="org.jsoup.mytests.AutomatedTest" name="test107" time="0.001"/>
  <testcase classname="org.jsoup.mytests.AutomatedTest" name="test108" time="0.001"/>
  <testcase classname="org.jsoup.mytests.AutomatedTest" name="test109" time="0"/>
  <testcase classname="org.jsoup.mytests.AutomatedTest" name="test110" time="0.001"/>
  <testcase classname="org.jsoup.mytests.AutomatedTest" name="test111" time="0"/>
  <testcase classname="org.jsoup.mytests.AutomatedTest" name="test112" time="0.001"/>
  <testcase classname="org.jsoup.mytests.AutomatedTest" name="test113" time="0.001"/>
  <testcase classname="org.jsoup.mytests.AutomatedTest" name="test114" time="0"/>
  <testcase classname="org.jsoup.mytests.AutomatedTest" name="test115" time="0.001"/>
  <testcase classname="org.jsoup.mytests.AutomatedTest" name="test116" time="0.001"/>
  <testcase classname="org.jsoup.mytests.AutomatedTest" name="test117" time="0"/>
  <testcase classname="org.jsoup.mytests.AutomatedTest" name="test118" time="0.001"/>
  <testcase classname="org.jsoup.mytests.AutomatedTest" name="test119" time="0.001"/>
  <testcase classname="org.jsoup.mytests.AutomatedTest" name="test120" time="0"/>
  <testcase classname="org.jsoup.mytests.AutomatedTest" name="test121" time="0.001"/>
  <testcase classname="org.jsoup.mytests.AutomatedTest" name="test122" time="0"/>
  <testcase classname="org.jsoup.mytests.AutomatedTest" name="test123" time="0.001"/>
  <testcase classname="org.jsoup.mytests.AutomatedTest" name="test124" time="0.001"/>
  <testcase classname="org.jsoup.mytests.AutomatedTest" name="test125" time="0"/>
  <testcase classname="org.jsoup.mytests.AutomatedTest" name="test126" time="0.001"/>
  <testcase classname="org.jsoup.mytests.AutomatedTest" name="test127" time="0.001"/>
  <testcase classname="org.jsoup.mytests.AutomatedTest" name="test128" time="0.001"/>
  <testcase classname="org.jsoup.mytests.AutomatedTest" name="test129" time="0"/>
  <testcase classname="org.jsoup.mytests.AutomatedTest" name="test130" time="0.001"/>
  <testcase classname="org.jsoup.mytests.AutomatedTest" name="test131" time="0.001"/>
  <testcase classname="org.jsoup.mytests.AutomatedTest" name="test132" time="0"/>
  <testcase classname="org.jsoup.mytests.AutomatedTest" name="test133" time="0.001"/>
  <testcase classname="org.jsoup.mytests.AutomatedTest" name="test134" time="0"/>
  <testcase classname="org.jsoup.mytests.AutomatedTest" name="test135" time="0.001"/>
  <testcase classname="org.jsoup.mytests.AutomatedTest" name="test136" time="0"/>
  <testcase classname="org.jsoup.mytests.AutomatedTest" name="test137" time="0.001"/>
  <testcase classname="org.jsoup.mytests.AutomatedTest" name="test138" time="0"/>
  <testcase classname="org.jsoup.mytests.AutomatedTest" name="test139" time="0.001"/>
  <testcase classname="org.jsoup.mytests.AutomatedTest" name="test140" time="0"/>
  <testcase classname="org.jsoup.mytests.AutomatedTest" name="test141" time="0"/>
  <testcase classname="org.jsoup.mytests.AutomatedTest" name="test142" time="0.001"/>
  <testcase classname="org.jsoup.mytests.AutomatedTest" name="test143" time="0"/>
  <testcase classname="org.jsoup.mytests.AutomatedTest" name="test144" time="0.001"/>
  <testcase classname="org.jsoup.mytests.AutomatedTest" name="test145" time="0.001"/>
  <testcase classname="org.jsoup.mytests.AutomatedTest" name="test146" time="0.001"/>
  <testcase classname="org.jsoup.mytests.AutomatedTest" name="test147" time="0"/>
  <testcase classname="org.jsoup.mytests.AutomatedTest" name="test148" time="0.001"/>
  <testcase classname="org.jsoup.mytests.AutomatedTest" name="test149" time="0"/>
  <testcase classname="org.jsoup.mytests.AutomatedTest" name="test150" time="0.001"/>
  <testcase classname="org.jsoup.mytests.AutomatedTest" name="test151" time="0.001"/>
  <testcase classname="org.jsoup.mytests.AutomatedTest" name="test152" time="0"/>
  <testcase classname="org.jsoup.mytests.AutomatedTest" name="test153" time="0.001"/>
  <testcase classname="org.jsoup.mytests.AutomatedTest" name="test154" time="0"/>
  <testcase classname="org.jsoup.mytests.AutomatedTest" name="test155" time="0.001"/>
  <testcase classname="org.jsoup.mytests.AutomatedTest" name="test156" time="0.001"/>
  <testcase classname="org.jsoup.mytests.AutomatedTest" name="test157" time="0"/>
  <testcase classname="org.jsoup.mytests.AutomatedTest" name="test158" time="0"/>
  <testcase classname="org.jsoup.mytests.AutomatedTest" name="test159" time="0.001"/>
  <testcase classname="org.jsoup.mytests.AutomatedTest" name="test160" time="0"/>
  <testcase classname="org.jsoup.mytests.AutomatedTest" name="test161" time="0.001"/>
  <testcase classname="org.jsoup.mytests.AutomatedTest" name="test162" time="0.001"/>
  <testcase classname="org.jsoup.mytests.AutomatedTest" name="test163" time="0.001"/>
  <testcase classname="org.jsoup.mytests.AutomatedTest" name="test164" time="0"/>
  <testcase classname="org.jsoup.mytests.AutomatedTest" name="test165" time="0.001"/>
  <testcase classname="org.jsoup.mytests.AutomatedTest" name="test166" time="0.001"/>
  <testcase classname="org.jsoup.mytests.AutomatedTest" name="test167" time="0"/>
  <testcase classname="org.jsoup.mytests.AutomatedTest" name="test168" time="0.001"/>
  <testcase classname="org.jsoup.mytests.AutomatedTest" name="test169" time="0.001"/>
  <testcase classname="org.jsoup.mytests.AutomatedTest" name="test170" time="0"/>
  <testcase classname="org.jsoup.mytests.AutomatedTest" name="test171" time="0.001"/>
  <testcase classname="org.jsoup.mytests.AutomatedTest" name="test172" time="0"/>
  <testcase classname="org.jsoup.mytests.AutomatedTest" name="test173" time="0.001"/>
  <testcase classname="org.jsoup.mytests.AutomatedTest" name="test174" time="0"/>
  <testcase classname="org.jsoup.mytests.AutomatedTest" name="test175" time="0.001"/>
  <testcase classname="org.jsoup.mytests.AutomatedTest" name="test176" time="0.001"/>
  <testcase classname="org.jsoup.mytests.AutomatedTest" name="test177" time="0"/>
  <testcase classname="org.jsoup.mytests.AutomatedTest" name="test178" time="0.001"/>
  <testcase classname="org.jsoup.mytests.AutomatedTest" name="test179" time="0.001"/>
  <testcase classname="org.jsoup.mytests.AutomatedTest" name="test180" time="0.001"/>
  <testcase classname="org.jsoup.mytests.AutomatedTest" name="test181" time="0"/>
  <testcase classname="org.jsoup.mytests.AutomatedTest" name="test182" time="0.001"/>
  <testcase classname="org.jsoup.mytests.AutomatedTest" name="test183" time="0"/>
  <testcase classname="org.jsoup.mytests.AutomatedTest" name="test184" time="0.001"/>
  <testcase classname="org.jsoup.mytests.AutomatedTest" name="test185" time="0.001"/>
  <testcase classname="org.jsoup.mytests.AutomatedTest" name="test186" time="0.001"/>
  <testcase classname="org.jsoup.mytests.AutomatedTest" name="test187" time="0"/>
  <testcase classname="org.jsoup.mytests.AutomatedTest" name="test188" time="0"/>
  <testcase classname="org.jsoup.mytests.AutomatedTest" name="test189" time="0.001"/>
  <testcase classname="org.jsoup.mytests.AutomatedTest" name="test190" time="0.002"/>
  <testcase classname="org.jsoup.mytests.AutomatedTest" name="test191" time="0.001"/>
  <testcase classname="org.jsoup.mytests.AutomatedTest" name="test192" time="0"/>
  <testcase classname="org.jsoup.mytests.AutomatedTest" name="test193" time="0"/>
  <testcase classname="org.jsoup.mytests.AutomatedTest" name="test194" time="0.001"/>
  <testcase classname="org.jsoup.mytests.AutomatedTest" name="test195" time="0"/>
  <testcase classname="org.jsoup.mytests.AutomatedTest" name="test196" time="0.001"/>
  <testcase classname="org.jsoup.mytests.AutomatedTest" name="test197" time="0.001"/>
  <testcase classname="org.jsoup.mytests.AutomatedTest" name="test198" time="0"/>
  <testcase classname="org.jsoup.mytests.AutomatedTest" name="test199" time="0.001"/>
  <testcase classname="org.jsoup.mytests.AutomatedTest" name="test200" time="0"/>
  <testcase classname="org.jsoup.mytests.AutomatedTest" name="test201" time="0.001"/>
  <testcase classname="org.jsoup.mytests.AutomatedTest" name="test202" time="0"/>
  <testcase classname="org.jsoup.mytests.AutomatedTest" name="test203" time="0"/>
  <testcase classname="org.jsoup.mytests.AutomatedTest" name="test204" time="0.001"/>
  <testcase classname="org.jsoup.mytests.AutomatedTest" name="test205" time="0"/>
  <testcase classname="org.jsoup.mytests.AutomatedTest" name="test206" time="0.001"/>
  <testcase classname="org.jsoup.mytests.AutomatedTest" name="test207" time="0.001"/>
  <testcase classname="org.jsoup.mytests.AutomatedTest" name="test208" time="0.001"/>
  <testcase classname="org.jsoup.mytests.AutomatedTest" name="test209" time="0"/>
  <testcase classname="org.jsoup.mytests.AutomatedTest" name="test210" time="0.001"/>
  <testcase classname="org.jsoup.mytests.AutomatedTest" name="test211" time="0"/>
  <testcase classname="org.jsoup.mytests.AutomatedTest" name="test212" time="0.001"/>
  <testcase classname="org.jsoup.mytests.AutomatedTest" name="test213" time="0"/>
  <testcase classname="org.jsoup.mytests.AutomatedTest" name="test214" time="0.001"/>
  <testcase classname="org.jsoup.mytests.AutomatedTest" name="test215" time="0"/>
  <testcase classname="org.jsoup.mytests.AutomatedTest" name="test216" time="0.001"/>
  <testcase classname="org.jsoup.mytests.AutomatedTest" name="test217" time="0.001"/>
  <testcase classname="org.jsoup.mytests.AutomatedTest" name="test218" time="0"/>
  <testcase classname="org.jsoup.mytests.AutomatedTest" name="test219" time="0.001"/>
  <testcase classname="org.jsoup.mytests.AutomatedTest" name="test220" time="0"/>
  <testcase classname="org.jsoup.mytests.AutomatedTest" name="test221" time="0"/>
  <testcase classname="org.jsoup.mytests.AutomatedTest" name="test222" time="0.002"/>
  <testcase classname="org.jsoup.mytests.AutomatedTest" name="test223" time="0.001"/>
  <testcase classname="org.jsoup.mytests.AutomatedTest" name="test224" time="0"/>
  <testcase classname="org.jsoup.mytests.AutomatedTest" name="test225" time="0.001"/>
  <testcase classname="org.jsoup.mytests.AutomatedTest" name="test226" time="0"/>
  <testcase classname="org.jsoup.mytests.AutomatedTest" name="test227" time="0.001"/>
  <testcase classname="org.jsoup.mytests.AutomatedTest" name="test228" time="0"/>
  <testcase classname="org.jsoup.mytests.AutomatedTest" name="test229" time="0.001"/>
  <testcase classname="org.jsoup.mytests.AutomatedTest" name="test230" time="0"/>
  <testcase classname="org.jsoup.mytests.AutomatedTest" name="test231" time="0.001"/>
  <testcase classname="org.jsoup.mytests.AutomatedTest" name="test232" time="0"/>
  <testcase classname="org.jsoup.mytests.AutomatedTest" name="test233" time="0.001"/>
  <testcase classname="org.jsoup.mytests.AutomatedTest" name="test234" time="0"/>
  <testcase classname="org.jsoup.mytests.AutomatedTest" name="test235" time="0.001"/>
  <testcase classname="org.jsoup.mytests.AutomatedTest" name="test236" time="0"/>
  <testcase classname="org.jsoup.mytests.AutomatedTest" name="test237" time="0.001"/>
  <testcase classname="org.jsoup.mytests.AutomatedTest" name="test238" time="0"/>
  <testcase classname="org.jsoup.mytests.AutomatedTest" name="test239" time="0.001"/>
  <testcase classname="org.jsoup.mytests.AutomatedTest" name="test240" time="0.001"/>
  <testcase classname="org.jsoup.mytests.AutomatedTest" name="test241" time="0"/>
  <testcase classname="org.jsoup.mytests.AutomatedTest" name="test242" time="0.001"/>
  <testcase classname="org.jsoup.mytests.AutomatedTest" name="test243" time="0"/>
  <testcase classname="org.jsoup.mytests.AutomatedTest" name="test244" time="0.001"/>
  <testcase classname="org.jsoup.mytests.AutomatedTest" name="test245" time="0"/>
  <testcase classname="org.jsoup.mytests.AutomatedTest" name="test246" time="0.001"/>
  <testcase classname="org.jsoup.mytests.AutomatedTest" name="test247" time="0"/>
  <testcase classname="org.jsoup.mytests.AutomatedTest" name="test248" time="0.001"/>
  <testcase classname="org.jsoup.mytests.AutomatedTest" name="test249" time="0.001"/>
  <testcase classname="org.jsoup.mytests.AutomatedTest" name="test250" time="0"/>
  <testcase classname="org.jsoup.mytests.AutomatedTest" name="test251" time="0.001"/>
  <testcase classname="org.jsoup.mytests.AutomatedTest" name="test252" time="0.001"/>
  <testcase classname="org.jsoup.mytests.AutomatedTest" name="test253" time="0"/>
  <testcase classname="org.jsoup.mytests.AutomatedTest" name="test254" time="0.001"/>
  <testcase classname="org.jsoup.mytests.AutomatedTest" name="test255" time="0.001"/>
  <testcase classname="org.jsoup.mytests.AutomatedTest" name="test256" time="0"/>
  <testcase classname="org.jsoup.mytests.AutomatedTest" name="test257" time="0.001"/>
  <testcase classname="org.jsoup.mytests.AutomatedTest" name="test258" time="0"/>
  <testcase classname="org.jsoup.mytests.AutomatedTest" name="test259" time="0.001"/>
  <testcase classname="org.jsoup.mytests.AutomatedTest" name="test260" time="0"/>
  <testcase classname="org.jsoup.mytests.AutomatedTest" name="test261" time="0.001"/>
  <testcase classname="org.jsoup.mytests.AutomatedTest" name="test262" time="0"/>
  <testcase classname="org.jsoup.mytests.AutomatedTest" name="test263" time="0.001"/>
  <testcase classname="org.jsoup.mytests.AutomatedTest" name="test264" time="0"/>
  <testcase classname="org.jsoup.mytests.AutomatedTest" name="test265" time="0.001"/>
  <testcase classname="org.jsoup.mytests.AutomatedTest" name="test266" time="0.001"/>
  <testcase classname="org.jsoup.mytests.AutomatedTest" name="test267" time="0"/>
  <testcase classname="org.jsoup.mytests.AutomatedTest" name="test268" time="0.001"/>
  <testcase classname="org.jsoup.mytests.AutomatedTest" name="test269" time="0"/>
  <testcase classname="org.jsoup.mytests.AutomatedTest" name="test270" time="0.001"/>
</testsuite>