<?xml version="1.0" encoding="UTF-8" ?>
<testsuite tests="34" failures="0" name="org.jsoup.select.ElementsTest" time="0.031" errors="0" skipped="0">
  <properties>
    <property name="java.runtime.name" value="OpenJDK Runtime Environment"/>
    <property name="java.vm.version" value="13+33"/>
    <property name="sun.boot.library.path" value="C:\Program Files\Java\jdk-13\bin"/>
    <property name="maven.multiModuleProjectDirectory" value="C:\Users\logan\OneDrive\Desktop\CS 427\HW3\jsoup"/>
    <property name="java.vm.vendor" value="Oracle Corporation"/>
    <property name="java.vendor.url" value="https://java.oracle.com/"/>
    <property name="guice.disable.misplaced.annotation.check" value="true"/>
    <property name="path.separator" value=";"/>
    <property name="java.vm.name" value="OpenJDK 64-Bit Server VM"/>
    <property name="sun.os.patch.level" value=""/>
    <property name="user.script" value=""/>
    <property name="user.country" value="US"/>
    <property name="sun.java.launcher" value="SUN_STANDARD"/>
    <property name="java.vm.specification.name" value="Java Virtual Machine Specification"/>
    <property name="user.dir" value="C:\Users\logan\OneDrive\Desktop\CS 427\HW3\jsoup"/>
    <property name="java.vm.compressedOopsMode" value="Zero based"/>
    <property name="java.runtime.version" value="13+33"/>
    <property name="os.arch" value="amd64"/>
    <property name="java.io.tmpdir" value="C:\Users\logan\AppData\Local\Temp\"/>
    <property name="line.separator" value="
"/>
    <property name="java.vm.specification.vendor" value="Oracle Corporation"/>
    <property name="user.variant" value=""/>
    <property name="os.name" value="Windows 10"/>
    <property name="classworlds.conf" value="C:\Program Files\apache-maven-3.8.8\bin\m2.conf"/>
    <property name="sun.jnu.encoding" value="Cp1252"/>
    <property name="java.library.path" value="C:\Program Files\Java\jdk-13\bin;C:\WINDOWS\Sun\Java\bin;C:\WINDOWS\system32;C:\WINDOWS;C:\Users\logan\AppData\Roaming\npm;C:\WINDOWS\system32;C:\WINDOWS;C:\WINDOWS\System32\Wbem;C:\WINDOWS\System32\WindowsPowerShell\v1.0\;C:\WINDOWS\System32\OpenSSH\;C:\Program Files\Git\cmd;C:\Program Files\Java\jdk-13\bin\java.exe;C:\Program Files\apache-maven-3.8.8\bin;C:\Program Files\Java\jdk-13\bin;C:\Program Files\nodejs\node.exe;C:\Program Files\gradle-7.6.2\bin;C:\Program Files (x86)\GnuWin32\bin;C:\Program Files\nodejs\;C:\Program Files\Git\bin;C:\Program Files\Git\usr\bin;C:\Users\logan\AppData\Local\Microsoft\WindowsApps;C:\Users\logan\AppData\Local\Programs\Microsoft VS Code\bin;C:\Users\logan\AppData\Roaming\npm;;."/>
    <property name="maven.conf" value="C:\Program Files\apache-maven-3.8.8/conf"/>
    <property name="jdk.debug" value="release"/>
    <property name="java.class.version" value="57.0"/>
    <property name="java.specification.name" value="Java Platform API Specification"/>
    <property name="sun.management.compiler" value="HotSpot 64-Bit Tiered Compilers"/>
    <property name="os.version" value="10.0"/>
    <property name="library.jansi.path" value="C:\Program Files\apache-maven-3.8.8\lib\jansi-native"/>
    <property name="user.home" value="C:\Users\logan"/>
    <property name="user.timezone" value="America/Los_Angeles"/>
    <property name="file.encoding" value="Cp1252"/>
    <property name="java.specification.version" value="13"/>
    <property name="user.name" value="logan"/>
    <property name="java.class.path" value="C:\Program Files\apache-maven-3.8.8\boot\plexus-classworlds-2.6.0.jar"/>
    <property name="java.vm.specification.version" value="13"/>
    <property name="sun.arch.data.model" value="64"/>
    <property name="sun.java.command" value="org.codehaus.plexus.classworlds.launcher.Launcher clean clover:setup test clover:aggregate clover:clover"/>
    <property name="java.home" value="C:\Program Files\Java\jdk-13"/>
    <property name="user.language" value="en"/>
    <property name="java.specification.vendor" value="Oracle Corporation"/>
    <property name="java.vm.info" value="mixed mode, sharing"/>
    <property name="java.version" value="13"/>
    <property name="java.vendor" value="Oracle Corporation"/>
    <property name="sun.stderr.encoding" value="cp437"/>
    <property name="maven.home" value="C:\Program Files\apache-maven-3.8.8"/>
    <property name="file.separator" value="\"/>
    <property name="java.version.date" value="2019-09-17"/>
    <property name="java.vendor.url.bug" value="https://bugreport.java.com/bugreport/"/>
    <property name="sun.io.unicode.encoding" value="UnicodeLittle"/>
    <property name="sun.cpu.endian" value="little"/>
    <property name="sun.stdout.encoding" value="cp437"/>
    <property name="sun.cpu.isalist" value="amd64"/>
  </properties>
  <testcase classname="org.jsoup.select.ElementsTest" name="classWithHyphen" time="0.001"/>
  <testcase classname="org.jsoup.select.ElementsTest" name="before" time="0.001"/>
  <testcase classname="org.jsoup.select.ElementsTest" name="filter" time="0.001"/>
  <testcase classname="org.jsoup.select.ElementsTest" name="eachAttr" time="0.001"/>
  <testcase classname="org.jsoup.select.ElementsTest" name="eachText" time="0.001"/>
  <testcase classname="org.jsoup.select.ElementsTest" name="absAttr" time="0.001"/>
  <testcase classname="org.jsoup.select.ElementsTest" name="remove" time="0"/>
  <testcase classname="org.jsoup.select.ElementsTest" name="unwrap" time="0.001"/>
  <testcase classname="org.jsoup.select.ElementsTest" name="parents" time="0.001"/>
  <testcase classname="org.jsoup.select.ElementsTest" name="unwrapP" time="0.001"/>
  <testcase classname="org.jsoup.select.ElementsTest" name="unwrapKeepsSpace" time="0.001"/>
  <testcase classname="org.jsoup.select.ElementsTest" name="eq" time="0"/>
  <testcase classname="org.jsoup.select.ElementsTest" name="is" time="0.001"/>
  <testcase classname="org.jsoup.select.ElementsTest" name="not" time="0.001"/>
  <testcase classname="org.jsoup.select.ElementsTest" name="val" time="0.001"/>
  <testcase classname="org.jsoup.select.ElementsTest" name="attr" time="0.001"/>
  <testcase classname="org.jsoup.select.ElementsTest" name="html" time="0.001"/>
  <testcase classname="org.jsoup.select.ElementsTest" name="text" time="0.001"/>
  <testcase classname="org.jsoup.select.ElementsTest" name="wrap" time="0.002"/>
  <testcase classname="org.jsoup.select.ElementsTest" name="hasClassCaseInsensitive" time="0.001"/>
  <testcase classname="org.jsoup.select.ElementsTest" name="after" time="0.001"/>
  <testcase classname="org.jsoup.select.ElementsTest" name="empty" time="0.001"/>
  <testcase classname="org.jsoup.select.ElementsTest" name="forms" time="0"/>
  <testcase classname="org.jsoup.select.ElementsTest" name="siblings" time="0.001"/>
  <testcase classname="org.jsoup.select.ElementsTest" name="attributes" time="0.001"/>
  <testcase classname="org.jsoup.select.ElementsTest" name="hasAttr" time="0.001"/>
  <testcase classname="org.jsoup.select.ElementsTest" name="hasText" time="0"/>
  <testcase classname="org.jsoup.select.ElementsTest" name="hasAbsAttr" time="0.001"/>
  <testcase classname="org.jsoup.select.ElementsTest" name="classes" time="0.001"/>
  <testcase classname="org.jsoup.select.ElementsTest" name="traverse" time="0.001"/>
  <testcase classname="org.jsoup.select.ElementsTest" name="wrapDiv" time="0.001"/>
  <testcase classname="org.jsoup.select.ElementsTest" name="outerHtml" time="0.001"/>
  <testcase classname="org.jsoup.select.ElementsTest" name="tagNameSet" time="0.001"/>
  <testcase classname="org.jsoup.select.ElementsTest" name="setHtml" time="0.001"/>
</testsuite>