<?xml version="1.0" encoding="UTF-8" ?>
<testsuite tests="99" failures="0" name="org.jsoup.nodes.ElementTest" time="0.123" errors="0" skipped="0">
  <properties>
    <property name="java.runtime.name" value="OpenJDK Runtime Environment"/>
    <property name="java.vm.version" value="13+33"/>
    <property name="sun.boot.library.path" value="C:\Program Files\Java\jdk-13\bin"/>
    <property name="maven.multiModuleProjectDirectory" value="C:\Users\logan\OneDrive\Desktop\CS 427\HW3\jsoup"/>
    <property name="java.vm.vendor" value="Oracle Corporation"/>
    <property name="java.vendor.url" value="https://java.oracle.com/"/>
    <property name="guice.disable.misplaced.annotation.check" value="true"/>
    <property name="path.separator" value=";"/>
    <property name="java.vm.name" value="OpenJDK 64-Bit Server VM"/>
    <property name="sun.os.patch.level" value=""/>
    <property name="user.script" value=""/>
    <property name="user.country" value="US"/>
    <property name="sun.java.launcher" value="SUN_STANDARD"/>
    <property name="java.vm.specification.name" value="Java Virtual Machine Specification"/>
    <property name="user.dir" value="C:\Users\logan\OneDrive\Desktop\CS 427\HW3\jsoup"/>
    <property name="java.vm.compressedOopsMode" value="Zero based"/>
    <property name="java.runtime.version" value="13+33"/>
    <property name="os.arch" value="amd64"/>
    <property name="java.io.tmpdir" value="C:\Users\logan\AppData\Local\Temp\"/>
    <property name="line.separator" value="
"/>
    <property name="java.vm.specification.vendor" value="Oracle Corporation"/>
    <property name="user.variant" value=""/>
    <property name="os.name" value="Windows 10"/>
    <property name="classworlds.conf" value="C:\Program Files\apache-maven-3.8.8\bin\m2.conf"/>
    <property name="sun.jnu.encoding" value="Cp1252"/>
    <property name="java.library.path" value="C:\Program Files\Java\jdk-13\bin;C:\WINDOWS\Sun\Java\bin;C:\WINDOWS\system32;C:\WINDOWS;C:\Users\logan\AppData\Roaming\npm;C:\WINDOWS\system32;C:\WINDOWS;C:\WINDOWS\System32\Wbem;C:\WINDOWS\System32\WindowsPowerShell\v1.0\;C:\WINDOWS\System32\OpenSSH\;C:\Program Files\Git\cmd;C:\Program Files\Java\jdk-13\bin\java.exe;C:\Program Files\apache-maven-3.8.8\bin;C:\Program Files\Java\jdk-13\bin;C:\Program Files\nodejs\node.exe;C:\Program Files\gradle-7.6.2\bin;C:\Program Files (x86)\GnuWin32\bin;C:\Program Files\nodejs\;C:\Program Files\Git\bin;C:\Program Files\Git\usr\bin;C:\Users\logan\AppData\Local\Microsoft\WindowsApps;C:\Users\logan\AppData\Local\Programs\Microsoft VS Code\bin;C:\Users\logan\AppData\Roaming\npm;;."/>
    <property name="maven.conf" value="C:\Program Files\apache-maven-3.8.8/conf"/>
    <property name="jdk.debug" value="release"/>
    <property name="java.class.version" value="57.0"/>
    <property name="java.specification.name" value="Java Platform API Specification"/>
    <property name="sun.management.compiler" value="HotSpot 64-Bit Tiered Compilers"/>
    <property name="os.version" value="10.0"/>
    <property name="library.jansi.path" value="C:\Program Files\apache-maven-3.8.8\lib\jansi-native"/>
    <property name="user.home" value="C:\Users\logan"/>
    <property name="user.timezone" value="America/Los_Angeles"/>
    <property name="file.encoding" value="Cp1252"/>
    <property name="java.specification.version" value="13"/>
    <property name="user.name" value="logan"/>
    <property name="java.class.path" value="C:\Program Files\apache-maven-3.8.8\boot\plexus-classworlds-2.6.0.jar"/>
    <property name="java.vm.specification.version" value="13"/>
    <property name="sun.arch.data.model" value="64"/>
    <property name="sun.java.command" value="org.codehaus.plexus.classworlds.launcher.Launcher clean clover:setup test clover:aggregate clover:clover"/>
    <property name="java.home" value="C:\Program Files\Java\jdk-13"/>
    <property name="user.language" value="en"/>
    <property name="java.specification.vendor" value="Oracle Corporation"/>
    <property name="java.vm.info" value="mixed mode, sharing"/>
    <property name="java.version" value="13"/>
    <property name="java.vendor" value="Oracle Corporation"/>
    <property name="sun.stderr.encoding" value="cp437"/>
    <property name="maven.home" value="C:\Program Files\apache-maven-3.8.8"/>
    <property name="file.separator" value="\"/>
    <property name="java.version.date" value="2019-09-17"/>
    <property name="java.vendor.url.bug" value="https://bugreport.java.com/bugreport/"/>
    <property name="sun.io.unicode.encoding" value="UnicodeLittle"/>
    <property name="sun.cpu.endian" value="little"/>
    <property name="sun.stdout.encoding" value="cp437"/>
    <property name="sun.cpu.isalist" value="amd64"/>
  </properties>
  <testcase classname="org.jsoup.nodes.ElementTest" name="testFormatOutline" time="0.002"/>
  <testcase classname="org.jsoup.nodes.ElementTest" name="parentlessToString" time="0.002"/>
  <testcase classname="org.jsoup.nodes.ElementTest" name="insertChildrenArgumentValidation" time="0.001"/>
  <testcase classname="org.jsoup.nodes.ElementTest" name="testPrependElement" time="0.001"/>
  <testcase classname="org.jsoup.nodes.ElementTest" name="testOuterHtml" time="0.001"/>
  <testcase classname="org.jsoup.nodes.ElementTest" name="testHashcodeIsStableWithContentChanges" time="0.001"/>
  <testcase classname="org.jsoup.nodes.ElementTest" name="voidTestFilterCallReturnsElement" time="0.002"/>
  <testcase classname="org.jsoup.nodes.ElementTest" name="elementByTagName" time="0.001"/>
  <testcase classname="org.jsoup.nodes.ElementTest" name="testClonesClassnames" time="0.001"/>
  <testcase classname="org.jsoup.nodes.ElementTest" name="appendMustCorrectlyMoveChildrenInsideOneParentElement" time="0.001"/>
  <testcase classname="org.jsoup.nodes.ElementTest" name="before" time="0.001"/>
  <testcase classname="org.jsoup.nodes.ElementTest" name="testRemoveBeforeIndex" time="0.001"/>
  <testcase classname="org.jsoup.nodes.ElementTest" name="testChainedRemoveAttributes" time="0.001"/>
  <testcase classname="org.jsoup.nodes.ElementTest" name="booleanAttributeOutput" time="0.001"/>
  <testcase classname="org.jsoup.nodes.ElementTest" name="testAddNewHtml" time="0.001"/>
  <testcase classname="org.jsoup.nodes.ElementTest" name="testAddNewText" time="0.001"/>
  <testcase classname="org.jsoup.nodes.ElementTest" name="testPreviousElementSiblings" time="0"/>
  <testcase classname="org.jsoup.nodes.ElementTest" name="testGetElementById" time="0.001"/>
  <testcase classname="org.jsoup.nodes.ElementTest" name="testClone" time="0.001"/>
  <testcase classname="org.jsoup.nodes.ElementTest" name="testHtmlContainsOuter" time="0.002"/>
  <testcase classname="org.jsoup.nodes.ElementTest" name="testClassDomMethods" time="0"/>
  <testcase classname="org.jsoup.nodes.ElementTest" name="testRoot" time="0.001"/>
  <testcase classname="org.jsoup.nodes.ElementTest" name="testWrap" time="0.002"/>
  <testcase classname="org.jsoup.nodes.ElementTest" name="testNamespacedElements" time="0.002"/>
  <testcase classname="org.jsoup.nodes.ElementTest" name="testClassNames" time="0.001"/>
  <testcase classname="org.jsoup.nodes.ElementTest" name="testElementSiblingIndex" time="0.002"/>
  <testcase classname="org.jsoup.nodes.ElementTest" name="testIs" time="0.004"/>
  <testcase classname="org.jsoup.nodes.ElementTest" name="testEmptyElementFormatHtml" time="0.001"/>
  <testcase classname="org.jsoup.nodes.ElementTest" name="testLoopedRemoveAttributes" time="0"/>
  <testcase classname="org.jsoup.nodes.ElementTest" name="testShadowElementsAreUpdated" time="0.002"/>
  <testcase classname="org.jsoup.nodes.ElementTest" name="testKeepsPreTextAtDepth" time="0"/>
  <testcase classname="org.jsoup.nodes.ElementTest" name="testGetElementsWithAttribute" time="0.002"/>
  <testcase classname="org.jsoup.nodes.ElementTest" name="testNoIndentOnScriptAndStyle" time="0.001"/>
  <testcase classname="org.jsoup.nodes.ElementTest" name="testAppendRowToTable" time="0.002"/>
  <testcase classname="org.jsoup.nodes.ElementTest" name="testGetElementsWithClass" time="0.001"/>
  <testcase classname="org.jsoup.nodes.ElementTest" name="testShallowClone" time="0.002"/>
  <testcase classname="org.jsoup.nodes.ElementTest" name="testWrapWithRemainder" time="0.001"/>
  <testcase classname="org.jsoup.nodes.ElementTest" name="testClearAttributes" time="0.001"/>
  <testcase classname="org.jsoup.nodes.ElementTest" name="testKeepsPreTextInCode" time="0.001"/>
  <testcase classname="org.jsoup.nodes.ElementTest" name="testHasClassDomMethods" time="0.001"/>
  <testcase classname="org.jsoup.nodes.ElementTest" name="testGetParents" time="0.001"/>
  <testcase classname="org.jsoup.nodes.ElementTest" name="testGetText" time="0.002"/>
  <testcase classname="org.jsoup.nodes.ElementTest" name="getElementsByTagName" time="0.001"/>
  <testcase classname="org.jsoup.nodes.ElementTest" name="testFormatHtml" time="0.001"/>
  <testcase classname="org.jsoup.nodes.ElementTest" name="testGetElementsWithAttributeValue" time="0.001"/>
  <testcase classname="org.jsoup.nodes.ElementTest" name="testWholeText" time="0.001"/>
  <testcase classname="org.jsoup.nodes.ElementTest" name="testGetElementsWithAttributeDash" time="0.001"/>
  <testcase classname="org.jsoup.nodes.ElementTest" name="testManipulateTextNodes" time="0.002"/>
  <testcase classname="org.jsoup.nodes.ElementTest" name="testChildThrowsIndexOutOfBoundsOnMissing" time="0.002"/>
  <testcase classname="org.jsoup.nodes.ElementTest" name="testPrependRowToTable" time="0.001"/>
  <testcase classname="org.jsoup.nodes.ElementTest" name="testGetTextNodes" time="0.001"/>
  <testcase classname="org.jsoup.nodes.ElementTest" name="after" time="0.001"/>
  <testcase classname="org.jsoup.nodes.ElementTest" name="testContainerOutput" time="0.001"/>
  <testcase classname="org.jsoup.nodes.ElementTest" name="testInnerHtml" time="0"/>
  <testcase classname="org.jsoup.nodes.ElementTest" name="testHasText" time="0.002"/>
  <testcase classname="org.jsoup.nodes.ElementTest" name="testRemoveAttr" time="0"/>
  <testcase classname="org.jsoup.nodes.ElementTest" name="textHasSpaceBetweenDivAndCenterTags" time="0"/>
  <testcase classname="org.jsoup.nodes.ElementTest" name="testGetDataNodes" time="0.001"/>
  <testcase classname="org.jsoup.nodes.ElementTest" name="testCssPath" time="0.003"/>
  <testcase classname="org.jsoup.nodes.ElementTest" name="testSetHtmlTitle" time="0.002"/>
  <testcase classname="org.jsoup.nodes.ElementTest" name="testChildrenElements" time="0.001"/>
  <testcase classname="org.jsoup.nodes.ElementTest" name="moveByAppend" time="0.001"/>
  <testcase classname="org.jsoup.nodes.ElementTest" name="testNormalisesText" time="0.001"/>
  <testcase classname="org.jsoup.nodes.ElementTest" name="testClassUpdates" time="0.001"/>
  <testcase classname="org.jsoup.nodes.ElementTest" name="testAddNewElement" time="0.001"/>
  <testcase classname="org.jsoup.nodes.ElementTest" name="testHashAndEqualsAndValue" time="0.002"/>
  <testcase classname="org.jsoup.nodes.ElementTest" name="testElementSiblingIndexSameContent" time="0.001"/>
  <testcase classname="org.jsoup.nodes.ElementTest" name="testGetChildText" time="0.002"/>
  <testcase classname="org.jsoup.nodes.ElementTest" name="testRelativeUrls" time="0.001"/>
  <testcase classname="org.jsoup.nodes.ElementTest" name="testSetIndent" time="0.001"/>
  <testcase classname="org.jsoup.nodes.ElementTest" name="testThrowsOnAddNullText" time="0.001"/>
  <testcase classname="org.jsoup.nodes.ElementTest" name="testGetSiblingsWithDuplicateContent" time="0.001"/>
  <testcase classname="org.jsoup.nodes.ElementTest" name="testNormalizesInvisiblesInText" time="0.001"/>
  <testcase classname="org.jsoup.nodes.ElementTest" name="insertChildrenAsCopy" time="0.001"/>
  <testcase classname="org.jsoup.nodes.ElementTest" name="testTagNameSet" time="0.002"/>
  <testcase classname="org.jsoup.nodes.ElementTest" name="dataset" time="0.001"/>
  <testcase classname="org.jsoup.nodes.ElementTest" name="testPrependText" time="0.002"/>
  <testcase classname="org.jsoup.nodes.ElementTest" name="testNormalizesNbspInText" time="0.001"/>
  <testcase classname="org.jsoup.nodes.ElementTest" name="testRemoveAfterIndex" time="0.002"/>
  <testcase classname="org.jsoup.nodes.ElementTest" name="testThrowsOnPrependNullText" time="0.002"/>
  <testcase classname="org.jsoup.nodes.ElementTest" name="testGetSiblings" time="0.001"/>
  <testcase classname="org.jsoup.nodes.ElementTest" name="testSetHtml" time="0.002"/>
  <testcase classname="org.jsoup.nodes.ElementTest" name="testSetText" time="0.002"/>
  <testcase classname="org.jsoup.nodes.ElementTest" name="testNextElementSiblings" time="0.001"/>
  <testcase classname="org.jsoup.nodes.ElementTest" name="testAddBooleanAttribute" time="0.001"/>
  <testcase classname="org.jsoup.nodes.ElementTest" name="textHasSpaceAfterBlockTags" time="0.001"/>
  <testcase classname="org.jsoup.nodes.ElementTest" name="whiteSpaceClassElement" time="0.001"/>
  <testcase classname="org.jsoup.nodes.ElementTest" name="classNamesAndAttributeNameIsCaseInsensitive" time="0.001"/>
  <testcase classname="org.jsoup.nodes.ElementTest" name="testPrependNewHtml" time="0.001"/>
  <testcase classname="org.jsoup.nodes.ElementTest" name="testRemovingEmptyClassAttributeWhenLastClassRemoved" time="0.001"/>
  <testcase classname="org.jsoup.nodes.ElementTest" name="testBrHasSpace" time="0.002"/>
  <testcase classname="org.jsoup.nodes.ElementTest" name="testKeepsPreText" time="0.001"/>
  <testcase classname="org.jsoup.nodes.ElementTest" name="testNotPretty" time="0.001"/>
  <testcase classname="org.jsoup.nodes.ElementTest" name="testNextElementSiblingAfterClone" time="0.001"/>
  <testcase classname="org.jsoup.nodes.ElementTest" name="testAppendTo" time="0.002"/>
  <testcase classname="org.jsoup.nodes.ElementTest" name="getNamespacedElementsByTag" time="0.001"/>
  <testcase classname="org.jsoup.nodes.ElementTest" name="testTraverse" time="0.001"/>
  <testcase classname="org.jsoup.nodes.ElementTest" name="insertChildrenAtPosition" time="0.001"/>
  <testcase classname="org.jsoup.nodes.ElementTest" name="elementIsNotASiblingOfItself" time="0.001"/>
</testsuite>