<?xml version="1.0" encoding="UTF-8"?>
<testsuite name="org.jsoup.helper.W3CDomTest" tests="6" skipped="0" failures="0" errors="0" timestamp="2023-09-14T23:08:03" hostname="WALLEE" time="0.08">
  <properties/>
  <testcase name="simpleConversion" classname="org.jsoup.helper.W3CDomTest" time="0.037"/>
  <testcase name="namespacePreservation" classname="org.jsoup.helper.W3CDomTest" time="0.002"/>
  <testcase name="convertsGoogleLocation" classname="org.jsoup.helper.W3CDomTest" time="0.029"/>
  <testcase name="treatsUndeclaredNamespaceAsLocalName" classname="org.jsoup.helper.W3CDomTest" time="0.0"/>
  <testcase name="handlesInvalidAttributeNames" classname="org.jsoup.helper.W3CDomTest" time="0.001"/>
  <testcase name="convertsGoogle" classname="org.jsoup.helper.W3CDomTest" time="0.01"/>
  <system-out><![CDATA[]]></system-out>
  <system-err><![CDATA[]]></system-err>
</testsuite>
