<?xml version="1.0" encoding="UTF-8" ?>
<testsuite errors="0" failures="0" hostname="WALLEE" name="org.jsoup.parser.AttributeParseTest" skipped="0" tests="8" time="0.081" timestamp="2023-09-18T01:00:38">
  <properties>
    <property name="ant.library.dir" value="C:\Program Files\apache-ant-1.10.14\lib" />
    <property name="env.NUMBER_OF_PROCESSORS" value="24" />
    <property name="java.specification.version" value="13" />
    <property name="env.USERPROFILE" value="C:\Users\logan" />
    <property name="ant.project.name" value="scm-example" />
    <property name="sun.cpu.isalist" value="amd64" />
    <property name="sun.jnu.encoding" value="Cp1252" />
    <property name="env.VSCODE_INJECTION" value="1" />
    <property name="sun.arch.data.model" value="64" />
    <property name="debuglevel" value="source,lines,vars" />
    <property name="java.vendor.url" value="https://java.oracle.com/" />
    <property name="env.CommonProgramW6432" value="C:\Program Files\Common Files" />
    <property name="env.OS" value="Windows_NT" />
    <property name="ant.file.scm-example" value="C:\Users\logan\OneDrive\Desktop\CS 427\jsoup\build.xml" />
    <property name="env.CHROME_CRASHPAD_PIPE_NAME" value="\\.\pipe\crashpad_30080_EIVNMCTYRSMTLJDN" />
    <property name="sun.boot.library.path" value="C:\Program Files\Java\jdk-13\bin" />
    <property name="sun.java.command" value="org.apache.tools.ant.taskdefs.optional.junit.JUnitTestRunner org.jsoup.parser.AttributeParseTest skipNonTests=false filtertrace=true haltOnError=false haltOnFailure=false formatter=org.apache.tools.ant.taskdefs.optional.junit.OutErrSummaryJUnitResultFormatter showoutput=false outputtoformatters=true logfailedtests=true threadid=0 logtestlistenerevents=false formatter=org.apache.tools.ant.taskdefs.optional.junit.XMLJUnitResultFormatter,C:\Users\logan\OneDrive\Desktop\CS 427\jsoup\ant-target\reports\TEST-org.jsoup.parser.AttributeParseTest.xml crashfile=C:\Users\logan\OneDrive\Desktop\CS 427\jsoup\junitvmwatcher15798441534290917124.properties propsfile=C:\Users\logan\OneDrive\Desktop\CS 427\jsoup\junit1492947074858155593.properties" />
    <property name="jdk.debug" value="release" />
    <property name="env.VSCODE_GIT_ASKPASS_MAIN" value="c:\Users\logan\AppData\Local\Programs\Microsoft VS Code\resources\app\extensions\git\dist\askpass-main.js" />
    <property name="env.ComSpec" value="C:\WINDOWS\system32\cmd.exe" />
    <property name="sun.stderr.encoding" value="cp437" />
    <property name="java.specification.vendor" value="Oracle Corporation" />
    <property name="env.ANT_CMD_LINE_ARGS" value=" test" />
    <property name="java.version.date" value="2019-09-17" />
    <property name="env.JAVA_HOME" value="C:\Program Files\Java\jdk-13" />
    <property name="java.home" value="C:\Program Files\Java\jdk-13" />
    <property name="basedir" value="C:\Users\logan\OneDrive\Desktop\CS 427\jsoup" />
    <property name="env.ProgramFiles" value="C:\Program Files" />
    <property name="file.separator" value="\" />
    <property name="java.vm.compressedOopsMode" value="Zero based" />
    <property name="env.GIT_ASKPASS" value="c:\Users\logan\AppData\Local\Programs\Microsoft VS Code\resources\app\extensions\git\dist\askpass.sh" />
    <property name="line.separator" value="&#xd;&#xa;" />
    <property name="sun.stdout.encoding" value="cp437" />
    <property name="env.PROMPT" value="$P$G" />
    <property name="java.vm.specification.vendor" value="Oracle Corporation" />
    <property name="java.specification.name" value="Java Platform API Specification" />
    <property name="env._JAVACMD" value="C:\Program Files\Java\jdk-13\bin\java.exe" />
    <property name="env.LOCALAPPDATA" value="C:\Users\logan\AppData\Local" />
    <property name="env.USERDOMAIN_ROAMINGPROFILE" value="WALLEE" />
    <property name="env.PROCESSOR_REVISION" value="9702" />
    <property name="user.script" value="" />
    <property name="env.PSModulePath" value="C:\Users\logan\OneDrive\Documents\WindowsPowerShell\Modules;C:\Program Files\WindowsPowerShell\Modules;C:\WINDOWS\system32\WindowsPowerShell\v1.0\Modules" />
    <property name="ant.file.type.scm-example" value="file" />
    <property name="sun.management.compiler" value="HotSpot 64-Bit Tiered Compilers" />
    <property name="env.PROCESSOR_IDENTIFIER" value="Intel64 Family 6 Model 151 Stepping 2, GenuineIntel" />
    <property name="java.runtime.version" value="13+33" />
    <property name="env.TERM_PROGRAM_VERSION" value="1.82.2" />
    <property name="user.name" value="logan" />
    <property name="env.EFC_9128" value="1" />
    <property name="env.DriverData" value="C:\Windows\System32\Drivers\DriverData" />
    <property name="env.ProgramW6432" value="C:\Program Files" />
    <property name="env.CommonProgramFiles" value="C:\Program Files\Common Files" />
    <property name="env.ORIGINAL_XDG_CURRENT_DESKTOP" value="undefined" />
    <property name="env.PUBLIC" value="C:\Users\Public" />
    <property name="file.encoding" value="Cp1252" />
    <property name="env.COMPUTERNAME" value="WALLEE" />
    <property name="env.HOMEPATH" value="\Users\logan" />
    <property name="env.APPDATA" value="C:\Users\logan\AppData\Roaming" />
    <property name="env.SystemDrive" value="C:" />
    <property name="env.ProgramData" value="C:\ProgramData" />
    <property name="java.io.tmpdir" value="C:\Users\logan\AppData\Local\Temp\" />
    <property name="java.version" value="13" />
    <property name="env.Path" value="C:\Program Files\Common Files\Oracle\Java\javapath;C:\WINDOWS\system32;C:\WINDOWS;C:\WINDOWS\System32\Wbem;C:\WINDOWS\System32\WindowsPowerShell\v1.0\;C:\WINDOWS\System32\OpenSSH\;C:\Program Files\Git\cmd;C:\Program Files\Java\jdk-13\bin\java.exe;C:\Program Files\apache-maven-3.8.8\bin;C:\Program Files\Java\jdk-13\bin;C:\Program Files\apache-ant-1.10.14\bin;C:\Program Files\gradle-7.6.2\bin;C:\Program Files (x86)\GnuWin32\bin;C:\Users\logan\AppData\Local\Microsoft\WindowsApps;;C:\Users\logan\AppData\Local\Programs\Microsoft VS Code\bin" />
    <property name="env.HOMEDRIVE" value="C:" />
    <property name="env.PROCESSOR_LEVEL" value="6" />
    <property name="env.TMP" value="C:\Users\logan\AppData\Local\Temp" />
    <property name="java.vm.specification.name" value="Java Virtual Machine Specification" />
    <property name="ant.home" value="C:\Program Files\apache-ant-1.10.14" />
    <property name="sun.os.patch.level" value="" />
    <property name="junit.output.dir" value="ant-target/reports" />
    <property name="ant.version" value="Apache Ant(TM) version 1.10.14 compiled on August 16 2023" />
    <property name="java.library.path" value="C:\Program Files\Java\jdk-13\bin;C:\WINDOWS\Sun\Java\bin;C:\WINDOWS\system32;C:\WINDOWS;C:\Program Files\Common Files\Oracle\Java\javapath;C:\WINDOWS\system32;C:\WINDOWS;C:\WINDOWS\System32\Wbem;C:\WINDOWS\System32\WindowsPowerShell\v1.0\;C:\WINDOWS\System32\OpenSSH\;C:\Program Files\Git\cmd;C:\Program Files\Java\jdk-13\bin\java.exe;C:\Program Files\apache-maven-3.8.8\bin;C:\Program Files\Java\jdk-13\bin;C:\Program Files\apache-ant-1.10.14\bin;C:\Program Files\gradle-7.6.2\bin;C:\Program Files (x86)\GnuWin32\bin;C:\Users\logan\AppData\Local\Microsoft\WindowsApps;;C:\Users\logan\AppData\Local\Programs\Microsoft VS Code\bin;." />
    <property name="java.vendor" value="Oracle Corporation" />
    <property name="env.LOGONSERVER" value="\\WALLEE" />
    <property name="sun.io.unicode.encoding" value="UnicodeLittle" />
    <property name="env.TERM_PROGRAM" value="vscode" />
    <property name="ant.file.type" value="file" />
    <property name="env.LANG" value="en_US.UTF-8" />
    <property name="java.class.path" value="C:\Users\logan\OneDrive\Desktop\CS 427\jsoup\ant-target\test-classes;C:\Users\logan\OneDrive\Desktop\CS 427\jsoup\ant-target\classes;C:\Users\logan\OneDrive\Desktop\CS 427\jsoup\ant-libs\gson-2.7.jar;C:\Users\logan\OneDrive\Desktop\CS 427\jsoup\ant-libs\hamcrest-core-1.3.jar;C:\Users\logan\OneDrive\Desktop\CS 427\jsoup\ant-libs\javax.servlet-api-3.1.0.jar;C:\Users\logan\OneDrive\Desktop\CS 427\jsoup\ant-libs\jetty-http-9.2.28.v20190418.jar;C:\Users\logan\OneDrive\Desktop\CS 427\jsoup\ant-libs\jetty-io-9.2.28.v20190418.jar;C:\Users\logan\OneDrive\Desktop\CS 427\jsoup\ant-libs\jetty-security-9.2.28.v20190418.jar;C:\Users\logan\OneDrive\Desktop\CS 427\jsoup\ant-libs\jetty-server-9.2.28.v20190418.jar;C:\Users\logan\OneDrive\Desktop\CS 427\jsoup\ant-libs\jetty-servlet-9.2.28.v20190418.jar;C:\Users\logan\OneDrive\Desktop\CS 427\jsoup\ant-libs\jetty-util-9.2.28.v20190418.jar;C:\Users\logan\OneDrive\Desktop\CS 427\jsoup\ant-libs\junit-4.12.jar;C:\Program Files\apache-ant-1.10.14\lib\ant-launcher.jar;C:\Program Files\apache-ant-1.10.14\lib\ant.jar;C:\Program Files\apache-ant-1.10.14\lib\ant-junit.jar;C:\Program Files\apache-ant-1.10.14\lib\ant-junit4.jar" />
    <property name="source" value="1.8" />
    <property name="java.vm.vendor" value="Oracle Corporation" />
    <property name="env.PROCESSOR_ARCHITECTURE" value="AMD64" />
    <property name="user.variant" value="" />
    <property name="env.SystemRoot" value="C:\WINDOWS" />
    <property name="os.name" value="Windows 10" />
    <property name="java.vm.specification.version" value="13" />
    <property name="env.IGCCSVC_DB" value="AQAAANCMnd8BFdERjHoAwE/Cl+sBAAAAYsCtpzbmnkmbrjcbCroAUgQAAAACAAAAAAAQZgAAAAEAACAAAACf8d2EoWXInUXmGuXC0oMiEItXYiw31SMr4SeHhVXjaAAAAAAOgAAAAAIAACAAAAAfrcozoBCBf15rUTL92Y5hKN8hIJKuBx1IdrAvBrdYsGAAAAA3HUZ4KXPNBSjQbYIPPutH/qGqmVoEQCcLLjdbJ3fmPu8AjKMAR2A/qcdxtjfq9FoRU2HvFR1HdVUCmDmxjv9XMJBQpUFHYoUveiTDoYMLz7/IrBzs6jjubYEmzJENLNRAAAAAgNQv6LpAd6X/lvATXxg4ZJLsnfLHFAkD5n1z0/DqBpUQVvpf8Lfk2fs3QSCk/rs+NZ4EYRqqZrw5mHJf7VohFA==" />
    <property name="sun.java.launcher" value="SUN_STANDARD" />
    <property name="user.country" value="US" />
    <property name="env.USERDOMAIN" value="WALLEE" />
    <property name="sun.cpu.endian" value="little" />
    <property name="user.home" value="C:\Users\logan" />
    <property name="user.language" value="en" />
    <property name="env.VSCODE_GIT_IPC_HANDLE" value="\\.\pipe\vscode-git-b60828af6e-sock" />
    <property name="env.COLORTERM" value="truecolor" />
    <property name="env.ALLUSERSPROFILE" value="C:\ProgramData" />
    <property name="ant.java.version" value="13" />
    <property name="env.SESSIONNAME" value="Console" />
    <property name="env.MAVEN_HOME" value="C:\Program Files\apache-maven-3.8.8" />
    <property name="env.ANT_HOME" value="C:\Program Files\apache-ant-1.10.14" />
    <property name="env.windir" value="C:\WINDOWS" />
    <property name="env.VSCODE_GIT_ASKPASS_EXTRA_ARGS" value="--ms-enable-electron-run-as-node" />
    <property name="ant.file" value="C:\Users\logan\OneDrive\Desktop\CS 427\jsoup\build.xml" />
    <property name="path.separator" value=";" />
    <property name="env.=C:" value="C:\Users\logan\OneDrive\Desktop\CS 427\jsoup" />
    <property name="os.version" value="10.0" />
    <property name="env.CommonProgramFiles(x86)" value="C:\Program Files (x86)\Common Files" />
    <property name="java.runtime.name" value="OpenJDK Runtime Environment" />
    <property name="env.PATHEXT" value=".COM;.EXE;.BAT;.CMD;.VBS;.VBE;.JS;.JSE;.WSF;.WSH;.MSC;.CPL" />
    <property name="ant.project.invoked-targets" value="test" />
    <property name="env._USE_CLASSPATH" value="no" />
    <property name="java.vm.name" value="OpenJDK 64-Bit Server VM" />
    <property name="env.ZES_ENABLE_SYSMAN" value="1" />
    <property name="ant.core.lib" value="C:\Program Files\apache-ant-1.10.14\lib\ant.jar" />
    <property name="java.vendor.url.bug" value="https://bugreport.java.com/bugreport/" />
    <property name="user.dir" value="C:\Users\logan\OneDrive\Desktop\CS 427\jsoup" />
    <property name="os.arch" value="amd64" />
    <property name="env.USERNAME" value="logan" />
    <property name="env.OneDriveConsumer" value="C:\Users\logan\OneDrive" />
    <property name="target" value="1.8" />
    <property name="env.ProgramFiles(x86)" value="C:\Program Files (x86)" />
    <property name="env.VSCODE_GIT_ASKPASS_NODE" value="C:\Users\logan\AppData\Local\Programs\Microsoft VS Code\Code.exe" />
    <property name="env.ANT_OPTS" value=" " />
    <property name="java.vm.info" value="mixed mode, sharing" />
    <property name="env.VSCODE_NONCE" value="98231231-bfc9-413a-be7c-1cb32ad2a1e0" />
    <property name="java.vm.version" value="13+33" />
    <property name="env.TEMP" value="C:\Users\logan\AppData\Local\Temp" />
    <property name="java.class.version" value="57.0" />
    <property name="env.OneDrive" value="C:\Users\logan\OneDrive" />
    <property name="ant.project.default-target" value="build" />
  </properties>
  <testcase classname="org.jsoup.parser.AttributeParseTest" name="dropsSlashFromAttributeName" time="0.039" />
  <testcase classname="org.jsoup.parser.AttributeParseTest" name="moreAttributeUnescapes" time="0.001" />
  <testcase classname="org.jsoup.parser.AttributeParseTest" name="parsesBooleanAttributes" time="0.0" />
  <testcase classname="org.jsoup.parser.AttributeParseTest" name="handlesNewLinesAndReturns" time="0.0" />
  <testcase classname="org.jsoup.parser.AttributeParseTest" name="canStartWithEq" time="0.0" />
  <testcase classname="org.jsoup.parser.AttributeParseTest" name="parsesRoughAttributeString" time="0.0" />
  <testcase classname="org.jsoup.parser.AttributeParseTest" name="strictAttributeUnescapes" time="0.0" />
  <testcase classname="org.jsoup.parser.AttributeParseTest" name="parsesEmptyString" time="0.0" />
  <system-out><![CDATA[]]></system-out>
  <system-err><![CDATA[]]></system-err>
</testsuite>
